Analysis & Synthesis report for UP
Wed May 02 15:34:16 2018
Quartus II Version 9.1 Build 350 03/24/2010 Service Pack 2 SJ Web Edition


---------------------
; Table of Contents ;
---------------------
  1. Legal Notice
  2. Analysis & Synthesis Summary
  3. Analysis & Synthesis Settings
  4. Parallel Compilation
  5. Analysis & Synthesis Source Files Read
  6. Analysis & Synthesis Resource Usage Summary
  7. Analysis & Synthesis Resource Utilization by Entity
  8. Analysis & Synthesis RAM Summary
  9. State Machine - |Up|UnidadeControle:UC|state
 10. Registers Removed During Synthesis
 11. General Register Statistics
 12. Multiplexer Restructuring Statistics (Restructuring Performed)
 13. Source assignments for Memoria:Mem|LPM_RAM_DQ:MEM|altram:sram|altsyncram:ram_block|altsyncram_e1a1:auto_generated
 14. Source assignments for Memoria:Mem|LPM_RAM_DQ:MEM_plus_One|altram:sram|altsyncram:ram_block|altsyncram_e1a1:auto_generated
 15. Source assignments for Memoria:Mem|LPM_RAM_DQ:MEM_plus_Two|altram:sram|altsyncram:ram_block|altsyncram_e1a1:auto_generated
 16. Source assignments for Memoria:Mem|LPM_RAM_DQ:MEM_plus_Three|altram:sram|altsyncram:ram_block|altsyncram_e1a1:auto_generated
 17. Parameter Settings for User Entity Instance: Memoria:Mem|LPM_RAM_DQ:MEM
 18. Parameter Settings for User Entity Instance: Memoria:Mem|LPM_RAM_DQ:MEM_plus_One
 19. Parameter Settings for User Entity Instance: Memoria:Mem|LPM_RAM_DQ:MEM_plus_Two
 20. Parameter Settings for User Entity Instance: Memoria:Mem|LPM_RAM_DQ:MEM_plus_Three
 21. Port Connectivity Checks: "Registrador:EPC"
 22. Port Connectivity Checks: "UnsignedExtend:ExtensaoMemInst"
 23. Port Connectivity Checks: "Ula32:ULA"
 24. Port Connectivity Checks: "Multiplex3op:MuxMem2Reg"
 25. Port Connectivity Checks: "Multiplex2bit:MuxSrcPC"
 26. Port Connectivity Checks: "Multiplex2bit:MuxSrcB"
 27. Analysis & Synthesis Messages
 28. Analysis & Synthesis Suppressed Messages



----------------
; Legal Notice ;
----------------
Copyright (C) 1991-2010 Altera Corporation
Your use of Altera Corporation's design tools, logic functions 
and other software and tools, and its AMPP partner logic 
functions, and any output files from any of the foregoing 
(including device programming or simulation files), and any 
associated documentation or information are expressly subject 
to the terms and conditions of the Altera Program License 
Subscription Agreement, Altera MegaCore Function License 
Agreement, or other applicable license agreement, including, 
without limitation, that your use is for the sole purpose of 
programming logic devices manufactured by Altera and sold by 
Altera or its authorized distributors.  Please refer to the 
applicable agreement for further details.



+-----------------------------------------------------------------------------------+
; Analysis & Synthesis Summary                                                      ;
+------------------------------------+----------------------------------------------+
; Analysis & Synthesis Status        ; Successful - Wed May 02 15:34:16 2018        ;
; Quartus II Version                 ; 9.1 Build 350 03/24/2010 SP 2 SJ Web Edition ;
; Revision Name                      ; UP                                           ;
; Top-level Entity Name              ; Up                                           ;
; Family                             ; Cyclone II                                   ;
; Total logic elements               ; 2,959                                        ;
;     Total combinational functions  ; 1,893                                        ;
;     Dedicated logic registers      ; 1,239                                        ;
; Total registers                    ; 1239                                         ;
; Total pins                         ; 335                                          ;
; Total virtual pins                 ; 0                                            ;
; Total memory bits                  ; 8,192                                        ;
; Embedded Multiplier 9-bit elements ; 0                                            ;
; Total PLLs                         ; 0                                            ;
+------------------------------------+----------------------------------------------+


+----------------------------------------------------------------------------------------------------------------------+
; Analysis & Synthesis Settings                                                                                        ;
+----------------------------------------------------------------------------+--------------------+--------------------+
; Option                                                                     ; Setting            ; Default Value      ;
+----------------------------------------------------------------------------+--------------------+--------------------+
; Device                                                                     ; EP2C70F672C6       ;                    ;
; Top-level entity name                                                      ; Up                 ; UP                 ;
; Family name                                                                ; Cyclone II         ; Stratix II         ;
; Use Generated Physical Constraints File                                    ; Off                ;                    ;
; Use smart compilation                                                      ; Off                ; Off                ;
; Enable parallel Assembler and TimeQuest Timing Analyzer during compilation ; On                 ; On                 ;
; Enable compact report table                                                ; Off                ; Off                ;
; Restructure Multiplexers                                                   ; Auto               ; Auto               ;
; Create Debugging Nodes for IP Cores                                        ; Off                ; Off                ;
; Preserve fewer node names                                                  ; On                 ; On                 ;
; Disable OpenCore Plus hardware evaluation                                  ; Off                ; Off                ;
; Verilog Version                                                            ; Verilog_2001       ; Verilog_2001       ;
; VHDL Version                                                               ; VHDL_1993          ; VHDL_1993          ;
; State Machine Processing                                                   ; Auto               ; Auto               ;
; Safe State Machine                                                         ; Off                ; Off                ;
; Extract Verilog State Machines                                             ; On                 ; On                 ;
; Extract VHDL State Machines                                                ; On                 ; On                 ;
; Ignore Verilog initial constructs                                          ; Off                ; Off                ;
; Iteration limit for constant Verilog loops                                 ; 5000               ; 5000               ;
; Iteration limit for non-constant Verilog loops                             ; 250                ; 250                ;
; Add Pass-Through Logic to Inferred RAMs                                    ; On                 ; On                 ;
; Parallel Synthesis                                                         ; On                 ; On                 ;
; DSP Block Balancing                                                        ; Auto               ; Auto               ;
; NOT Gate Push-Back                                                         ; On                 ; On                 ;
; Power-Up Don't Care                                                        ; On                 ; On                 ;
; Remove Redundant Logic Cells                                               ; Off                ; Off                ;
; Remove Duplicate Registers                                                 ; On                 ; On                 ;
; Ignore CARRY Buffers                                                       ; Off                ; Off                ;
; Ignore CASCADE Buffers                                                     ; Off                ; Off                ;
; Ignore GLOBAL Buffers                                                      ; Off                ; Off                ;
; Ignore ROW GLOBAL Buffers                                                  ; Off                ; Off                ;
; Ignore LCELL Buffers                                                       ; Off                ; Off                ;
; Ignore SOFT Buffers                                                        ; On                 ; On                 ;
; Limit AHDL Integers to 32 Bits                                             ; Off                ; Off                ;
; Optimization Technique                                                     ; Balanced           ; Balanced           ;
; Carry Chain Length                                                         ; 70                 ; 70                 ;
; Auto Carry Chains                                                          ; On                 ; On                 ;
; Auto Open-Drain Pins                                                       ; On                 ; On                 ;
; Perform WYSIWYG Primitive Resynthesis                                      ; Off                ; Off                ;
; Auto ROM Replacement                                                       ; On                 ; On                 ;
; Auto RAM Replacement                                                       ; On                 ; On                 ;
; Auto Shift Register Replacement                                            ; Auto               ; Auto               ;
; Auto Clock Enable Replacement                                              ; On                 ; On                 ;
; Strict RAM Replacement                                                     ; Off                ; Off                ;
; Allow Synchronous Control Signals                                          ; On                 ; On                 ;
; Force Use of Synchronous Clear Signals                                     ; Off                ; Off                ;
; Auto RAM to Logic Cell Conversion                                          ; Off                ; Off                ;
; Auto Resource Sharing                                                      ; Off                ; Off                ;
; Allow Any RAM Size For Recognition                                         ; Off                ; Off                ;
; Allow Any ROM Size For Recognition                                         ; Off                ; Off                ;
; Allow Any Shift Register Size For Recognition                              ; Off                ; Off                ;
; Use LogicLock Constraints during Resource Balancing                        ; On                 ; On                 ;
; Ignore translate_off and synthesis_off directives                          ; Off                ; Off                ;
; Timing-Driven Synthesis                                                    ; Off                ; Off                ;
; Show Parameter Settings Tables in Synthesis Report                         ; On                 ; On                 ;
; Ignore Maximum Fan-Out Assignments                                         ; Off                ; Off                ;
; Synchronization Register Chain Length                                      ; 2                  ; 2                  ;
; PowerPlay Power Optimization                                               ; Normal compilation ; Normal compilation ;
; HDL message level                                                          ; Level2             ; Level2             ;
; Suppress Register Optimization Related Messages                            ; Off                ; Off                ;
; Number of Removed Registers Reported in Synthesis Report                   ; 5000               ; 5000               ;
; Number of Inverted Registers Reported in Synthesis Report                  ; 100                ; 100                ;
; Clock MUX Protection                                                       ; On                 ; On                 ;
; Auto Gated Clock Conversion                                                ; Off                ; Off                ;
; Block Design Naming                                                        ; Auto               ; Auto               ;
; SDC constraint protection                                                  ; Off                ; Off                ;
; Synthesis Effort                                                           ; Auto               ; Auto               ;
; Shift Register Replacement - Allow Asynchronous Clear Signal               ; On                 ; On                 ;
; Analysis & Synthesis Message Level                                         ; Medium             ; Medium             ;
; Disable Register Merging Across Hierarchies                                ; Auto               ; Auto               ;
; Resource Aware Inference For Block RAM                                     ; On                 ; On                 ;
+----------------------------------------------------------------------------+--------------------+--------------------+


+------------------------------------------+
; Parallel Compilation                     ;
+----------------------------+-------------+
; Processors                 ; Number      ;
+----------------------------+-------------+
; Number detected on machine ; 4           ;
; Maximum allowed            ; 4           ;
;                            ;             ;
; Average used               ; 1.00        ;
; Maximum used               ; 1           ;
;                            ;             ;
; Usage by Processor         ; % Time Used ;
;     1 processor            ; 100.0%      ;
;     2-4 processors         ;   0.0%      ;
+----------------------------+-------------+


+------------------------------------------------------------------------------------------------------------------------------------------------------------------------------+
; Analysis & Synthesis Source Files Read                                                                                                                                       ;
+----------------------------------+-----------------+----------------------------------+--------------------------------------------------------------------------------------+
; File Name with User-Entered Path ; Used in Netlist ; File Type                        ; File Name with Absolute Path                                                         ;
+----------------------------------+-----------------+----------------------------------+--------------------------------------------------------------------------------------+
; Banco_reg.vhd                    ; yes             ; User VHDL File                   ; C:/Users/phjc/Desktop/ProjetoHardware-2018.1/Arquivos-Projeto/Banco_reg.vhd          ;
; Instr_Reg.vhd                    ; yes             ; User VHDL File                   ; C:/Users/phjc/Desktop/ProjetoHardware-2018.1/Arquivos-Projeto/Instr_Reg.vhd          ;
; Memoria.vhd                      ; yes             ; User VHDL File                   ; C:/Users/phjc/Desktop/ProjetoHardware-2018.1/Arquivos-Projeto/Memoria.vhd            ;
; Multiplex.sv                     ; yes             ; User SystemVerilog HDL File      ; C:/Users/phjc/Desktop/ProjetoHardware-2018.1/Arquivos-Projeto/Multiplex.sv           ;
; Multiplex2bit.sv                 ; yes             ; User SystemVerilog HDL File      ; C:/Users/phjc/Desktop/ProjetoHardware-2018.1/Arquivos-Projeto/Multiplex2bit.sv       ;
; UnidadeControle.sv               ; yes             ; User SystemVerilog HDL File      ; C:/Users/phjc/Desktop/ProjetoHardware-2018.1/Arquivos-Projeto/UnidadeControle.sv     ;
; Registrador.vhd                  ; yes             ; User VHDL File                   ; C:/Users/phjc/Desktop/ProjetoHardware-2018.1/Arquivos-Projeto/Registrador.vhd        ;
; ula32.vhd                        ; yes             ; User VHDL File                   ; C:/Users/phjc/Desktop/ProjetoHardware-2018.1/Arquivos-Projeto/ula32.vhd              ;
; Up.sv                            ; yes             ; User SystemVerilog HDL File      ; C:/Users/phjc/Desktop/ProjetoHardware-2018.1/Arquivos-Projeto/Up.sv                  ;
; MultiplexMini.sv                 ; yes             ; User SystemVerilog HDL File      ; C:/Users/phjc/Desktop/ProjetoHardware-2018.1/Arquivos-Projeto/MultiplexMini.sv       ;
; SignedExtend.sv                  ; yes             ; User SystemVerilog HDL File      ; C:/Users/phjc/Desktop/ProjetoHardware-2018.1/Arquivos-Projeto/SignedExtend.sv        ;
; Multiplex3op.sv                  ; yes             ; User SystemVerilog HDL File      ; C:/Users/phjc/Desktop/ProjetoHardware-2018.1/Arquivos-Projeto/Multiplex3op.sv        ;
; instrucoes.mif                   ; yes             ; User Memory Initialization File  ; C:/Users/phjc/Desktop/ProjetoHardware-2018.1/Arquivos-Projeto/instrucoes.mif         ;
; UnsignedExtend.sv                ; yes             ; User SystemVerilog HDL File      ; C:/Users/phjc/Desktop/ProjetoHardware-2018.1/Arquivos-Projeto/UnsignedExtend.sv      ;
; lpm_ram_dq.tdf                   ; yes             ; Megafunction                     ; c:/altera/91sp2/quartus/libraries/megafunctions/lpm_ram_dq.tdf                       ;
; altram.tdf                       ; yes             ; Megafunction                     ; c:/altera/91sp2/quartus/libraries/megafunctions/altram.tdf                           ;
; altsyncram.tdf                   ; yes             ; Megafunction                     ; c:/altera/91sp2/quartus/libraries/megafunctions/altsyncram.tdf                       ;
; db/altsyncram_e1a1.tdf           ; yes             ; Auto-Generated Megafunction      ; C:/Users/phjc/Desktop/ProjetoHardware-2018.1/Arquivos-Projeto/db/altsyncram_e1a1.tdf ;
+----------------------------------+-----------------+----------------------------------+--------------------------------------------------------------------------------------+


+-----------------------------------------------------+
; Analysis & Synthesis Resource Usage Summary         ;
+---------------------------------------------+-------+
; Resource                                    ; Usage ;
+---------------------------------------------+-------+
; Estimated Total logic elements              ; 2,959 ;
;                                             ;       ;
; Total combinational functions               ; 1893  ;
; Logic element usage by number of LUT inputs ;       ;
;     -- 4 input functions                    ; 1584  ;
;     -- 3 input functions                    ; 254   ;
;     -- <=2 input functions                  ; 55    ;
;                                             ;       ;
; Logic elements by mode                      ;       ;
;     -- normal mode                          ; 1873  ;
;     -- arithmetic mode                      ; 20    ;
;                                             ;       ;
; Total registers                             ; 1239  ;
;     -- Dedicated logic registers            ; 1239  ;
;     -- I/O registers                        ; 0     ;
;                                             ;       ;
; I/O pins                                    ; 335   ;
; Total memory bits                           ; 8192  ;
; Maximum fan-out node                        ; clock ;
; Maximum fan-out                             ; 1271  ;
; Total fan-out                               ; 12906 ;
; Average fan-out                             ; 3.69  ;
+---------------------------------------------+-------+


+----------------------------------------------------------------------------------------------------------------------------------------------------------------------------------------------------------------------------------------------------------------------------------------+
; Analysis & Synthesis Resource Utilization by Entity                                                                                                                                                                                                                                    ;
+-------------------------------------------------+-------------------+--------------+-------------+--------------+---------+-----------+------+--------------+-----------------------------------------------------------------------------------------------------------+--------------+
; Compilation Hierarchy Node                      ; LC Combinationals ; LC Registers ; Memory Bits ; DSP Elements ; DSP 9x9 ; DSP 18x18 ; Pins ; Virtual Pins ; Full Hierarchy Name                                                                                       ; Library Name ;
+-------------------------------------------------+-------------------+--------------+-------------+--------------+---------+-----------+------+--------------+-----------------------------------------------------------------------------------------------------------+--------------+
; |Up                                             ; 1893 (14)         ; 1239 (0)     ; 8192        ; 0            ; 0       ; 0         ; 335  ; 0            ; |Up                                                                                                       ; work         ;
;    |Banco_reg:BancoRegs|                        ; 1392 (1392)       ; 1024 (1024)  ; 0           ; 0            ; 0       ; 0         ; 0    ; 0            ; |Up|Banco_reg:BancoRegs                                                                                   ; work         ;
;    |Instr_Reg:RegInstrucao|                     ; 0 (0)             ; 32 (32)      ; 0           ; 0            ; 0       ; 0         ; 0    ; 0            ; |Up|Instr_Reg:RegInstrucao                                                                                ; work         ;
;    |Memoria:Mem|                                ; 23 (23)           ; 0 (0)        ; 8192        ; 0            ; 0       ; 0         ; 0    ; 0            ; |Up|Memoria:Mem                                                                                           ; work         ;
;       |lpm_ram_dq:MEM_plus_One|                 ; 0 (0)             ; 0 (0)        ; 2048        ; 0            ; 0       ; 0         ; 0    ; 0            ; |Up|Memoria:Mem|lpm_ram_dq:MEM_plus_One                                                                   ; work         ;
;          |altram:sram|                          ; 0 (0)             ; 0 (0)        ; 2048        ; 0            ; 0       ; 0         ; 0    ; 0            ; |Up|Memoria:Mem|lpm_ram_dq:MEM_plus_One|altram:sram                                                       ; work         ;
;             |altsyncram:ram_block|              ; 0 (0)             ; 0 (0)        ; 2048        ; 0            ; 0       ; 0         ; 0    ; 0            ; |Up|Memoria:Mem|lpm_ram_dq:MEM_plus_One|altram:sram|altsyncram:ram_block                                  ; work         ;
;                |altsyncram_e1a1:auto_generated| ; 0 (0)             ; 0 (0)        ; 2048        ; 0            ; 0       ; 0         ; 0    ; 0            ; |Up|Memoria:Mem|lpm_ram_dq:MEM_plus_One|altram:sram|altsyncram:ram_block|altsyncram_e1a1:auto_generated   ;              ;
;       |lpm_ram_dq:MEM_plus_Three|               ; 0 (0)             ; 0 (0)        ; 2048        ; 0            ; 0       ; 0         ; 0    ; 0            ; |Up|Memoria:Mem|lpm_ram_dq:MEM_plus_Three                                                                 ;              ;
;          |altram:sram|                          ; 0 (0)             ; 0 (0)        ; 2048        ; 0            ; 0       ; 0         ; 0    ; 0            ; |Up|Memoria:Mem|lpm_ram_dq:MEM_plus_Three|altram:sram                                                     ;              ;
;             |altsyncram:ram_block|              ; 0 (0)             ; 0 (0)        ; 2048        ; 0            ; 0       ; 0         ; 0    ; 0            ; |Up|Memoria:Mem|lpm_ram_dq:MEM_plus_Three|altram:sram|altsyncram:ram_block                                ;              ;
;                |altsyncram_e1a1:auto_generated| ; 0 (0)             ; 0 (0)        ; 2048        ; 0            ; 0       ; 0         ; 0    ; 0            ; |Up|Memoria:Mem|lpm_ram_dq:MEM_plus_Three|altram:sram|altsyncram:ram_block|altsyncram_e1a1:auto_generated ; work         ;
;       |lpm_ram_dq:MEM_plus_Two|                 ; 0 (0)             ; 0 (0)        ; 2048        ; 0            ; 0       ; 0         ; 0    ; 0            ; |Up|Memoria:Mem|lpm_ram_dq:MEM_plus_Two                                                                   ;              ;
;          |altram:sram|                          ; 0 (0)             ; 0 (0)        ; 2048        ; 0            ; 0       ; 0         ; 0    ; 0            ; |Up|Memoria:Mem|lpm_ram_dq:MEM_plus_Two|altram:sram                                                       ;              ;
;             |altsyncram:ram_block|              ; 0 (0)             ; 0 (0)        ; 2048        ; 0            ; 0       ; 0         ; 0    ; 0            ; |Up|Memoria:Mem|lpm_ram_dq:MEM_plus_Two|altram:sram|altsyncram:ram_block                                  ;              ;
;                |altsyncram_e1a1:auto_generated| ; 0 (0)             ; 0 (0)        ; 2048        ; 0            ; 0       ; 0         ; 0    ; 0            ; |Up|Memoria:Mem|lpm_ram_dq:MEM_plus_Two|altram:sram|altsyncram:ram_block|altsyncram_e1a1:auto_generated   ;              ;
;       |lpm_ram_dq:MEM|                          ; 0 (0)             ; 0 (0)        ; 2048        ; 0            ; 0       ; 0         ; 0    ; 0            ; |Up|Memoria:Mem|lpm_ram_dq:MEM                                                                            ;              ;
;          |altram:sram|                          ; 0 (0)             ; 0 (0)        ; 2048        ; 0            ; 0       ; 0         ; 0    ; 0            ; |Up|Memoria:Mem|lpm_ram_dq:MEM|altram:sram                                                                ; work         ;
;             |altsyncram:ram_block|              ; 0 (0)             ; 0 (0)        ; 2048        ; 0            ; 0       ; 0         ; 0    ; 0            ; |Up|Memoria:Mem|lpm_ram_dq:MEM|altram:sram|altsyncram:ram_block                                           ; work         ;
;                |altsyncram_e1a1:auto_generated| ; 0 (0)             ; 0 (0)        ; 2048        ; 0            ; 0       ; 0         ; 0    ; 0            ; |Up|Memoria:Mem|lpm_ram_dq:MEM|altram:sram|altsyncram:ram_block|altsyncram_e1a1:auto_generated            ; work         ;
;    |Multiplex2bit:MuxSrcB|                      ; 49 (49)           ; 0 (0)        ; 0           ; 0            ; 0       ; 0         ; 0    ; 0            ; |Up|Multiplex2bit:MuxSrcB                                                                                 ; work         ;
;    |Multiplex2bit:MuxSrcPC|                     ; 3 (3)             ; 0 (0)        ; 0           ; 0            ; 0       ; 0         ; 0    ; 0            ; |Up|Multiplex2bit:MuxSrcPC                                                                                ; work         ;
;    |Multiplex3op:MuxMem2Reg|                    ; 48 (48)           ; 0 (0)        ; 0           ; 0            ; 0       ; 0         ; 0    ; 0            ; |Up|Multiplex3op:MuxMem2Reg                                                                               ; work         ;
;    |Multiplex:MuxIorD|                          ; 32 (32)           ; 0 (0)        ; 0           ; 0            ; 0       ; 0         ; 0    ; 0            ; |Up|Multiplex:MuxIorD                                                                                     ; work         ;
;    |Multiplex:MuxSrcA|                          ; 33 (33)           ; 0 (0)        ; 0           ; 0            ; 0       ; 0         ; 0    ; 0            ; |Up|Multiplex:MuxSrcA                                                                                     ; work         ;
;    |MultiplexMini:RegDst|                       ; 5 (5)             ; 0 (0)        ; 0           ; 0            ; 0       ; 0         ; 0    ; 0            ; |Up|MultiplexMini:RegDst                                                                                  ; work         ;
;    |Registrador:ALUOut|                         ; 0 (0)             ; 32 (32)      ; 0           ; 0            ; 0       ; 0         ; 0    ; 0            ; |Up|Registrador:ALUOut                                                                                    ; work         ;
;    |Registrador:A|                              ; 0 (0)             ; 32 (32)      ; 0           ; 0            ; 0       ; 0         ; 0    ; 0            ; |Up|Registrador:A                                                                                         ; work         ;
;    |Registrador:B|                              ; 0 (0)             ; 32 (32)      ; 0           ; 0            ; 0       ; 0         ; 0    ; 0            ; |Up|Registrador:B                                                                                         ; work         ;
;    |Registrador:MemReg|                         ; 0 (0)             ; 32 (32)      ; 0           ; 0            ; 0       ; 0         ; 0    ; 0            ; |Up|Registrador:MemReg                                                                                    ; work         ;
;    |Registrador:RegPC|                          ; 36 (36)           ; 32 (32)      ; 0           ; 0            ; 0       ; 0         ; 0    ; 0            ; |Up|Registrador:RegPC                                                                                     ;              ;
;    |Ula32:ULA|                                  ; 191 (191)         ; 0 (0)        ; 0           ; 0            ; 0       ; 0         ; 0    ; 0            ; |Up|Ula32:ULA                                                                                             ; work         ;
;    |UnidadeControle:UC|                         ; 67 (67)           ; 23 (23)      ; 0           ; 0            ; 0       ; 0         ; 0    ; 0            ; |Up|UnidadeControle:UC                                                                                    ;              ;
+-------------------------------------------------+-------------------+--------------+-------------+--------------+---------+-----------+------+--------------+-----------------------------------------------------------------------------------------------------------+--------------+
Note: For table entries with two numbers listed, the numbers in parentheses indicate the number of resources of the given type used by the specific entity alone. The numbers listed outside of parentheses indicate the total resources of the given type used by the specific entity and all of its sub-entities in the hierarchy.


+---------------------------------------------------------------------------------------------------------------------------------------------------------------------------------------------------------------------------+
; Analysis & Synthesis RAM Summary                                                                                                                                                                                          ;
+------------------------------------------------------------------------------------------------------------------+------+-------------+--------------+--------------+--------------+--------------+------+----------------+
; Name                                                                                                             ; Type ; Mode        ; Port A Depth ; Port A Width ; Port B Depth ; Port B Width ; Size ; MIF            ;
+------------------------------------------------------------------------------------------------------------------+------+-------------+--------------+--------------+--------------+--------------+------+----------------+
; Memoria:Mem|lpm_ram_dq:MEM_plus_One|altram:sram|altsyncram:ram_block|altsyncram_e1a1:auto_generated|ALTSYNCRAM   ; AUTO ; Single Port ; 256          ; 8            ; --           ; --           ; 2048 ; instrucoes.mif ;
; Memoria:Mem|lpm_ram_dq:MEM_plus_Three|altram:sram|altsyncram:ram_block|altsyncram_e1a1:auto_generated|ALTSYNCRAM ; AUTO ; Single Port ; 256          ; 8            ; --           ; --           ; 2048 ; instrucoes.mif ;
; Memoria:Mem|lpm_ram_dq:MEM_plus_Two|altram:sram|altsyncram:ram_block|altsyncram_e1a1:auto_generated|ALTSYNCRAM   ; AUTO ; Single Port ; 256          ; 8            ; --           ; --           ; 2048 ; instrucoes.mif ;
; Memoria:Mem|lpm_ram_dq:MEM|altram:sram|altsyncram:ram_block|altsyncram_e1a1:auto_generated|ALTSYNCRAM            ; AUTO ; Single Port ; 256          ; 8            ; --           ; --           ; 2048 ; instrucoes.mif ;
+------------------------------------------------------------------------------------------------------------------+------+-------------+--------------+--------------+--------------+--------------+------+----------------+


Encoding Type:  One-Hot
+-------------------------------------------------------------------------------------------------------------------------------------------------------------------------------------------------------------------------------------------------------------------------------------------------------------------------------------------------------------------------+
; State Machine - |Up|UnidadeControle:UC|state                                                                                                                                                                                                                                                                                                                            ;
+----------------+----------------+--------------+-----------+-----------+-----------+----------+------------+--------------+-----------+-------------+-----------+---------------+-----------+-----------+------------+-----------+---------------+-----------+----------+----------+--------------+--------------+-------------+------------+-------------+-------------+
; Name           ; state.OVERFLOW ; state.WAITLW ; state.LUI ; state.BEQ ; state.BNE ; state.JR ; state.JUMP ; state.STOPPC ; state.NOP ; state.BREAK ; state.XOR ; state.ADDComp ; state.SUB ; state.AND ; state.ADDU ; state.ADD ; state.ADDLOAD ; state.WBS ; state.SW ; state.LW ; state.LWorSW ; state.DECODE ; state.WRITE ; state.WAIT ; state.BUSCA ; state.RESET ;
+----------------+----------------+--------------+-----------+-----------+-----------+----------+------------+--------------+-----------+-------------+-----------+---------------+-----------+-----------+------------+-----------+---------------+-----------+----------+----------+--------------+--------------+-------------+------------+-------------+-------------+
; state.RESET    ; 0              ; 0            ; 0         ; 0         ; 0         ; 0        ; 0          ; 0            ; 0         ; 0           ; 0         ; 0             ; 0         ; 0         ; 0          ; 0         ; 0             ; 0         ; 0        ; 0        ; 0            ; 0            ; 0           ; 0          ; 0           ; 0           ;
; state.BUSCA    ; 0              ; 0            ; 0         ; 0         ; 0         ; 0        ; 0          ; 0            ; 0         ; 0           ; 0         ; 0             ; 0         ; 0         ; 0          ; 0         ; 0             ; 0         ; 0        ; 0        ; 0            ; 0            ; 0           ; 0          ; 1           ; 1           ;
; state.WAIT     ; 0              ; 0            ; 0         ; 0         ; 0         ; 0        ; 0          ; 0            ; 0         ; 0           ; 0         ; 0             ; 0         ; 0         ; 0          ; 0         ; 0             ; 0         ; 0        ; 0        ; 0            ; 0            ; 0           ; 1          ; 0           ; 1           ;
; state.WRITE    ; 0              ; 0            ; 0         ; 0         ; 0         ; 0        ; 0          ; 0            ; 0         ; 0           ; 0         ; 0             ; 0         ; 0         ; 0          ; 0         ; 0             ; 0         ; 0        ; 0        ; 0            ; 0            ; 1           ; 0          ; 0           ; 1           ;
; state.DECODE   ; 0              ; 0            ; 0         ; 0         ; 0         ; 0        ; 0          ; 0            ; 0         ; 0           ; 0         ; 0             ; 0         ; 0         ; 0          ; 0         ; 0             ; 0         ; 0        ; 0        ; 0            ; 1            ; 0           ; 0          ; 0           ; 1           ;
; state.LWorSW   ; 0              ; 0            ; 0         ; 0         ; 0         ; 0        ; 0          ; 0            ; 0         ; 0           ; 0         ; 0             ; 0         ; 0         ; 0          ; 0         ; 0             ; 0         ; 0        ; 0        ; 1            ; 0            ; 0           ; 0          ; 0           ; 1           ;
; state.LW       ; 0              ; 0            ; 0         ; 0         ; 0         ; 0        ; 0          ; 0            ; 0         ; 0           ; 0         ; 0             ; 0         ; 0         ; 0          ; 0         ; 0             ; 0         ; 0        ; 1        ; 0            ; 0            ; 0           ; 0          ; 0           ; 1           ;
; state.SW       ; 0              ; 0            ; 0         ; 0         ; 0         ; 0        ; 0          ; 0            ; 0         ; 0           ; 0         ; 0             ; 0         ; 0         ; 0          ; 0         ; 0             ; 0         ; 1        ; 0        ; 0            ; 0            ; 0           ; 0          ; 0           ; 1           ;
; state.WBS      ; 0              ; 0            ; 0         ; 0         ; 0         ; 0        ; 0          ; 0            ; 0         ; 0           ; 0         ; 0             ; 0         ; 0         ; 0          ; 0         ; 0             ; 1         ; 0        ; 0        ; 0            ; 0            ; 0           ; 0          ; 0           ; 1           ;
; state.ADDLOAD  ; 0              ; 0            ; 0         ; 0         ; 0         ; 0        ; 0          ; 0            ; 0         ; 0           ; 0         ; 0             ; 0         ; 0         ; 0          ; 0         ; 1             ; 0         ; 0        ; 0        ; 0            ; 0            ; 0           ; 0          ; 0           ; 1           ;
; state.ADD      ; 0              ; 0            ; 0         ; 0         ; 0         ; 0        ; 0          ; 0            ; 0         ; 0           ; 0         ; 0             ; 0         ; 0         ; 0          ; 1         ; 0             ; 0         ; 0        ; 0        ; 0            ; 0            ; 0           ; 0          ; 0           ; 1           ;
; state.ADDU     ; 0              ; 0            ; 0         ; 0         ; 0         ; 0        ; 0          ; 0            ; 0         ; 0           ; 0         ; 0             ; 0         ; 0         ; 1          ; 0         ; 0             ; 0         ; 0        ; 0        ; 0            ; 0            ; 0           ; 0          ; 0           ; 1           ;
; state.AND      ; 0              ; 0            ; 0         ; 0         ; 0         ; 0        ; 0          ; 0            ; 0         ; 0           ; 0         ; 0             ; 0         ; 1         ; 0          ; 0         ; 0             ; 0         ; 0        ; 0        ; 0            ; 0            ; 0           ; 0          ; 0           ; 1           ;
; state.SUB      ; 0              ; 0            ; 0         ; 0         ; 0         ; 0        ; 0          ; 0            ; 0         ; 0           ; 0         ; 0             ; 1         ; 0         ; 0          ; 0         ; 0             ; 0         ; 0        ; 0        ; 0            ; 0            ; 0           ; 0          ; 0           ; 1           ;
; state.ADDComp  ; 0              ; 0            ; 0         ; 0         ; 0         ; 0        ; 0          ; 0            ; 0         ; 0           ; 0         ; 1             ; 0         ; 0         ; 0          ; 0         ; 0             ; 0         ; 0        ; 0        ; 0            ; 0            ; 0           ; 0          ; 0           ; 1           ;
; state.XOR      ; 0              ; 0            ; 0         ; 0         ; 0         ; 0        ; 0          ; 0            ; 0         ; 0           ; 1         ; 0             ; 0         ; 0         ; 0          ; 0         ; 0             ; 0         ; 0        ; 0        ; 0            ; 0            ; 0           ; 0          ; 0           ; 1           ;
; state.BREAK    ; 0              ; 0            ; 0         ; 0         ; 0         ; 0        ; 0          ; 0            ; 0         ; 1           ; 0         ; 0             ; 0         ; 0         ; 0          ; 0         ; 0             ; 0         ; 0        ; 0        ; 0            ; 0            ; 0           ; 0          ; 0           ; 1           ;
; state.NOP      ; 0              ; 0            ; 0         ; 0         ; 0         ; 0        ; 0          ; 0            ; 1         ; 0           ; 0         ; 0             ; 0         ; 0         ; 0          ; 0         ; 0             ; 0         ; 0        ; 0        ; 0            ; 0            ; 0           ; 0          ; 0           ; 1           ;
; state.STOPPC   ; 0              ; 0            ; 0         ; 0         ; 0         ; 0        ; 0          ; 1            ; 0         ; 0           ; 0         ; 0             ; 0         ; 0         ; 0          ; 0         ; 0             ; 0         ; 0        ; 0        ; 0            ; 0            ; 0           ; 0          ; 0           ; 1           ;
; state.JUMP     ; 0              ; 0            ; 0         ; 0         ; 0         ; 0        ; 1          ; 0            ; 0         ; 0           ; 0         ; 0             ; 0         ; 0         ; 0          ; 0         ; 0             ; 0         ; 0        ; 0        ; 0            ; 0            ; 0           ; 0          ; 0           ; 1           ;
; state.JR       ; 0              ; 0            ; 0         ; 0         ; 0         ; 1        ; 0          ; 0            ; 0         ; 0           ; 0         ; 0             ; 0         ; 0         ; 0          ; 0         ; 0             ; 0         ; 0        ; 0        ; 0            ; 0            ; 0           ; 0          ; 0           ; 1           ;
; state.BNE      ; 0              ; 0            ; 0         ; 0         ; 1         ; 0        ; 0          ; 0            ; 0         ; 0           ; 0         ; 0             ; 0         ; 0         ; 0          ; 0         ; 0             ; 0         ; 0        ; 0        ; 0            ; 0            ; 0           ; 0          ; 0           ; 1           ;
; state.BEQ      ; 0              ; 0            ; 0         ; 1         ; 0         ; 0        ; 0          ; 0            ; 0         ; 0           ; 0         ; 0             ; 0         ; 0         ; 0          ; 0         ; 0             ; 0         ; 0        ; 0        ; 0            ; 0            ; 0           ; 0          ; 0           ; 1           ;
; state.LUI      ; 0              ; 0            ; 1         ; 0         ; 0         ; 0        ; 0          ; 0            ; 0         ; 0           ; 0         ; 0             ; 0         ; 0         ; 0          ; 0         ; 0             ; 0         ; 0        ; 0        ; 0            ; 0            ; 0           ; 0          ; 0           ; 1           ;
; state.WAITLW   ; 0              ; 1            ; 0         ; 0         ; 0         ; 0        ; 0          ; 0            ; 0         ; 0           ; 0         ; 0             ; 0         ; 0         ; 0          ; 0         ; 0             ; 0         ; 0        ; 0        ; 0            ; 0            ; 0           ; 0          ; 0           ; 1           ;
; state.OVERFLOW ; 1              ; 0            ; 0         ; 0         ; 0         ; 0        ; 0          ; 0            ; 0         ; 0           ; 0         ; 0             ; 0         ; 0         ; 0          ; 0         ; 0             ; 0         ; 0        ; 0        ; 0            ; 0            ; 0           ; 0          ; 0           ; 1           ;
+----------------+----------------+--------------+-----------+-----------+-----------+----------+------------+--------------+-----------+-------------+-----------+---------------+-----------+-----------+------------+-----------+---------------+-----------+----------+----------+--------------+--------------+-------------+------------+-------------+-------------+


+------------------------------------------------------------+
; Registers Removed During Synthesis                         ;
+---------------------------------------+--------------------+
; Register name                         ; Reason for Removal ;
+---------------------------------------+--------------------+
; UnidadeControle:UC|state.ADDU         ; Lost fanout        ;
; UnidadeControle:UC|state.STOPPC       ; Lost fanout        ;
; UnidadeControle:UC|state.JR           ; Lost fanout        ;
; UnidadeControle:UC|state~4            ; Lost fanout        ;
; UnidadeControle:UC|state~5            ; Lost fanout        ;
; UnidadeControle:UC|state~6            ; Lost fanout        ;
; UnidadeControle:UC|state~7            ; Lost fanout        ;
; UnidadeControle:UC|state~8            ; Lost fanout        ;
; Total Number of Removed Registers = 8 ;                    ;
+---------------------------------------+--------------------+


+------------------------------------------------------+
; General Register Statistics                          ;
+----------------------------------------------+-------+
; Statistic                                    ; Value ;
+----------------------------------------------+-------+
; Total registers                              ; 1239  ;
; Number of registers using Synchronous Clear  ; 30    ;
; Number of registers using Synchronous Load   ; 30    ;
; Number of registers using Asynchronous Clear ; 1239  ;
; Number of registers using Asynchronous Load  ; 0     ;
; Number of registers using Clock Enable       ; 1216  ;
; Number of registers using Preset             ; 0     ;
+----------------------------------------------+-------+


+-------------------------------------------------------------------------------------------------------------------------------------------------+
; Multiplexer Restructuring Statistics (Restructuring Performed)                                                                                  ;
+--------------------+-----------+---------------+----------------------+------------------------+------------+-----------------------------------+
; Multiplexer Inputs ; Bus Width ; Baseline Area ; Area if Restructured ; Saving if Restructured ; Registered ; Example Multiplexer Output        ;
+--------------------+-----------+---------------+----------------------+------------------------+------------+-----------------------------------+
; 4:1                ; 4 bits    ; 8 LEs         ; 8 LEs                ; 0 LEs                  ; Yes        ; |Up|Registrador:RegPC|Saida[31]   ;
; 4:1                ; 26 bits   ; 52 LEs        ; 52 LEs               ; 0 LEs                  ; Yes        ; |Up|Registrador:RegPC|Saida[2]    ;
; 32:1               ; 32 bits   ; 672 LEs       ; 672 LEs              ; 0 LEs                  ; Yes        ; |Up|Registrador:B|Saida[13]       ;
; 32:1               ; 32 bits   ; 672 LEs       ; 672 LEs              ; 0 LEs                  ; Yes        ; |Up|Registrador:A|Saida[7]        ;
; 3:1                ; 2 bits    ; 4 LEs         ; 4 LEs                ; 0 LEs                  ; No         ; |Up|Multiplex2bit:MuxSrcB|Mux30   ;
; 3:1                ; 15 bits   ; 30 LEs        ; 30 LEs               ; 0 LEs                  ; No         ; |Up|Multiplex2bit:MuxSrcB|Mux9    ;
; 4:1                ; 16 bits   ; 32 LEs        ; 32 LEs               ; 0 LEs                  ; No         ; |Up|Multiplex3op:MuxMem2Reg|Mux16 ;
; 4:1                ; 16 bits   ; 32 LEs        ; 32 LEs               ; 0 LEs                  ; No         ; |Up|Multiplex3op:MuxMem2Reg|Mux14 ;
; 4:1                ; 15 bits   ; 30 LEs        ; 30 LEs               ; 0 LEs                  ; No         ; |Up|Multiplex2bit:MuxSrcB|Mux23   ;
; 8:1                ; 32 bits   ; 160 LEs       ; 64 LEs               ; 96 LEs                 ; No         ; |Up|Ula32:ULA|Mux49               ;
; 8:1                ; 32 bits   ; 160 LEs       ; 96 LEs               ; 64 LEs                 ; No         ; |Up|Ula32:ULA|Mux31               ;
+--------------------+-----------+---------------+----------------------+------------------------+------------+-----------------------------------+


+-------------------------------------------------------------------------------------------------------------------+
; Source assignments for Memoria:Mem|LPM_RAM_DQ:MEM|altram:sram|altsyncram:ram_block|altsyncram_e1a1:auto_generated ;
+---------------------------------+--------------------+------+-----------------------------------------------------+
; Assignment                      ; Value              ; From ; To                                                  ;
+---------------------------------+--------------------+------+-----------------------------------------------------+
; OPTIMIZE_POWER_DURING_SYNTHESIS ; NORMAL_COMPILATION ; -    ; -                                                   ;
+---------------------------------+--------------------+------+-----------------------------------------------------+


+----------------------------------------------------------------------------------------------------------------------------+
; Source assignments for Memoria:Mem|LPM_RAM_DQ:MEM_plus_One|altram:sram|altsyncram:ram_block|altsyncram_e1a1:auto_generated ;
+---------------------------------+--------------------+------+--------------------------------------------------------------+
; Assignment                      ; Value              ; From ; To                                                           ;
+---------------------------------+--------------------+------+--------------------------------------------------------------+
; OPTIMIZE_POWER_DURING_SYNTHESIS ; NORMAL_COMPILATION ; -    ; -                                                            ;
+---------------------------------+--------------------+------+--------------------------------------------------------------+


+----------------------------------------------------------------------------------------------------------------------------+
; Source assignments for Memoria:Mem|LPM_RAM_DQ:MEM_plus_Two|altram:sram|altsyncram:ram_block|altsyncram_e1a1:auto_generated ;
+---------------------------------+--------------------+------+--------------------------------------------------------------+
; Assignment                      ; Value              ; From ; To                                                           ;
+---------------------------------+--------------------+------+--------------------------------------------------------------+
; OPTIMIZE_POWER_DURING_SYNTHESIS ; NORMAL_COMPILATION ; -    ; -                                                            ;
+---------------------------------+--------------------+------+--------------------------------------------------------------+


+------------------------------------------------------------------------------------------------------------------------------+
; Source assignments for Memoria:Mem|LPM_RAM_DQ:MEM_plus_Three|altram:sram|altsyncram:ram_block|altsyncram_e1a1:auto_generated ;
+---------------------------------+--------------------+------+----------------------------------------------------------------+
; Assignment                      ; Value              ; From ; To                                                             ;
+---------------------------------+--------------------+------+----------------------------------------------------------------+
; OPTIMIZE_POWER_DURING_SYNTHESIS ; NORMAL_COMPILATION ; -    ; -                                                              ;
+---------------------------------+--------------------+------+----------------------------------------------------------------+


+-------------------------------------------------------------------------+
; Parameter Settings for User Entity Instance: Memoria:Mem|LPM_RAM_DQ:MEM ;
+------------------------+----------------+-------------------------------+
; Parameter Name         ; Value          ; Type                          ;
+------------------------+----------------+-------------------------------+
; LPM_WIDTH              ; 8              ; Signed Integer                ;
; LPM_WIDTHAD            ; 8              ; Signed Integer                ;
; LPM_NUMWORDS           ; 0              ; Signed Integer                ;
; LPM_INDATA             ; REGISTERED     ; Untyped                       ;
; LPM_ADDRESS_CONTROL    ; REGISTERED     ; Untyped                       ;
; LPM_OUTDATA            ; REGISTERED     ; Untyped                       ;
; LPM_FILE               ; instrucoes.mif ; Untyped                       ;
; USE_EAB                ; ON             ; Untyped                       ;
; DEVICE_FAMILY          ; Cyclone II     ; Untyped                       ;
; CBXI_PARAMETER         ; NOTHING        ; Untyped                       ;
; AUTO_CARRY_CHAINS      ; ON             ; AUTO_CARRY                    ;
; IGNORE_CARRY_BUFFERS   ; OFF            ; IGNORE_CARRY                  ;
; AUTO_CASCADE_CHAINS    ; ON             ; AUTO_CASCADE                  ;
; IGNORE_CASCADE_BUFFERS ; OFF            ; IGNORE_CASCADE                ;
+------------------------+----------------+-------------------------------+
Note: In order to hide this table in the UI and the text report file, please set the "Show Parameter Settings Tables in Synthesis Report" option in "Analysis and Synthesis Settings -> More Settings" to "Off".


+----------------------------------------------------------------------------------+
; Parameter Settings for User Entity Instance: Memoria:Mem|LPM_RAM_DQ:MEM_plus_One ;
+------------------------+----------------+----------------------------------------+
; Parameter Name         ; Value          ; Type                                   ;
+------------------------+----------------+----------------------------------------+
; LPM_WIDTH              ; 8              ; Signed Integer                         ;
; LPM_WIDTHAD            ; 8              ; Signed Integer                         ;
; LPM_NUMWORDS           ; 0              ; Signed Integer                         ;
; LPM_INDATA             ; REGISTERED     ; Untyped                                ;
; LPM_ADDRESS_CONTROL    ; REGISTERED     ; Untyped                                ;
; LPM_OUTDATA            ; REGISTERED     ; Untyped                                ;
; LPM_FILE               ; instrucoes.mif ; Untyped                                ;
; USE_EAB                ; ON             ; Untyped                                ;
; DEVICE_FAMILY          ; Cyclone II     ; Untyped                                ;
; CBXI_PARAMETER         ; NOTHING        ; Untyped                                ;
; AUTO_CARRY_CHAINS      ; ON             ; AUTO_CARRY                             ;
; IGNORE_CARRY_BUFFERS   ; OFF            ; IGNORE_CARRY                           ;
; AUTO_CASCADE_CHAINS    ; ON             ; AUTO_CASCADE                           ;
; IGNORE_CASCADE_BUFFERS ; OFF            ; IGNORE_CASCADE                         ;
+------------------------+----------------+----------------------------------------+
Note: In order to hide this table in the UI and the text report file, please set the "Show Parameter Settings Tables in Synthesis Report" option in "Analysis and Synthesis Settings -> More Settings" to "Off".


+----------------------------------------------------------------------------------+
; Parameter Settings for User Entity Instance: Memoria:Mem|LPM_RAM_DQ:MEM_plus_Two ;
+------------------------+----------------+----------------------------------------+
; Parameter Name         ; Value          ; Type                                   ;
+------------------------+----------------+----------------------------------------+
; LPM_WIDTH              ; 8              ; Signed Integer                         ;
; LPM_WIDTHAD            ; 8              ; Signed Integer                         ;
; LPM_NUMWORDS           ; 0              ; Signed Integer                         ;
; LPM_INDATA             ; REGISTERED     ; Untyped                                ;
; LPM_ADDRESS_CONTROL    ; REGISTERED     ; Untyped                                ;
; LPM_OUTDATA            ; REGISTERED     ; Untyped                                ;
; LPM_FILE               ; instrucoes.mif ; Untyped                                ;
; USE_EAB                ; ON             ; Untyped                                ;
; DEVICE_FAMILY          ; Cyclone II     ; Untyped                                ;
; CBXI_PARAMETER         ; NOTHING        ; Untyped                                ;
; AUTO_CARRY_CHAINS      ; ON             ; AUTO_CARRY                             ;
; IGNORE_CARRY_BUFFERS   ; OFF            ; IGNORE_CARRY                           ;
; AUTO_CASCADE_CHAINS    ; ON             ; AUTO_CASCADE                           ;
; IGNORE_CASCADE_BUFFERS ; OFF            ; IGNORE_CASCADE                         ;
+------------------------+----------------+----------------------------------------+
Note: In order to hide this table in the UI and the text report file, please set the "Show Parameter Settings Tables in Synthesis Report" option in "Analysis and Synthesis Settings -> More Settings" to "Off".


+------------------------------------------------------------------------------------+
; Parameter Settings for User Entity Instance: Memoria:Mem|LPM_RAM_DQ:MEM_plus_Three ;
+------------------------+----------------+------------------------------------------+
; Parameter Name         ; Value          ; Type                                     ;
+------------------------+----------------+------------------------------------------+
; LPM_WIDTH              ; 8              ; Signed Integer                           ;
; LPM_WIDTHAD            ; 8              ; Signed Integer                           ;
; LPM_NUMWORDS           ; 0              ; Signed Integer                           ;
; LPM_INDATA             ; REGISTERED     ; Untyped                                  ;
; LPM_ADDRESS_CONTROL    ; REGISTERED     ; Untyped                                  ;
; LPM_OUTDATA            ; REGISTERED     ; Untyped                                  ;
; LPM_FILE               ; instrucoes.mif ; Untyped                                  ;
; USE_EAB                ; ON             ; Untyped                                  ;
; DEVICE_FAMILY          ; Cyclone II     ; Untyped                                  ;
; CBXI_PARAMETER         ; NOTHING        ; Untyped                                  ;
; AUTO_CARRY_CHAINS      ; ON             ; AUTO_CARRY                               ;
; IGNORE_CARRY_BUFFERS   ; OFF            ; IGNORE_CARRY                             ;
; AUTO_CASCADE_CHAINS    ; ON             ; AUTO_CASCADE                             ;
; IGNORE_CASCADE_BUFFERS ; OFF            ; IGNORE_CASCADE                           ;
+------------------------+----------------+------------------------------------------+
Note: In order to hide this table in the UI and the text report file, please set the "Show Parameter Settings Tables in Synthesis Report" option in "Analysis and Synthesis Settings -> More Settings" to "Off".


+----------------------------------------------------+
; Port Connectivity Checks: "Registrador:EPC"        ;
+-------+--------+----------+------------------------+
; Port  ; Type   ; Severity ; Details                ;
+-------+--------+----------+------------------------+
; saida ; Output ; Info     ; Explicitly unconnected ;
+-------+--------+----------+------------------------+


+------------------------------------------------------------------------------------------------------------------------------------------------------------------+
; Port Connectivity Checks: "UnsignedExtend:ExtensaoMemInst"                                                                                                       ;
+------------+--------+----------+---------------------------------------------------------------------------------------------------------------------------------+
; Port       ; Type   ; Severity ; Details                                                                                                                         ;
+------------+--------+----------+---------------------------------------------------------------------------------------------------------------------------------+
; OutNewInst ; Output ; Warning  ; Output or bidir port (32 bits) is wider than the port expression (1 bits) it drives; bit(s) "OutNewInst[31..1]" have no fanouts ;
; Overflow   ; Input  ; Info     ; Explicitly unconnected                                                                                                          ;
+------------+--------+----------+---------------------------------------------------------------------------------------------------------------------------------+


+-------------------------------------------------------+
; Port Connectivity Checks: "Ula32:ULA"                 ;
+----------+--------+----------+------------------------+
; Port     ; Type   ; Severity ; Details                ;
+----------+--------+----------+------------------------+
; negativo ; Output ; Info     ; Explicitly unconnected ;
; igual    ; Output ; Info     ; Explicitly unconnected ;
; maior    ; Output ; Info     ; Explicitly unconnected ;
; menor    ; Output ; Info     ; Explicitly unconnected ;
+----------+--------+----------+------------------------+


+-----------------------------------------------------+
; Port Connectivity Checks: "Multiplex3op:MuxMem2Reg" ;
+----------+-------+----------+-----------------------+
; Port     ; Type  ; Severity ; Details               ;
+----------+-------+----------+-----------------------+
; c[15..0] ; Input ; Info     ; Stuck at GND          ;
+----------+-------+----------+-----------------------+


+--------------------------------------------------------------------------------------------------------------------------------------------------------------------------+
; Port Connectivity Checks: "Multiplex2bit:MuxSrcPC"                                                                                                                       ;
+---------+-------+----------+---------------------------------------------------------------------------------------------------------------------------------------------+
; Port    ; Type  ; Severity ; Details                                                                                                                                     ;
+---------+-------+----------+---------------------------------------------------------------------------------------------------------------------------------------------+
; c[1..0] ; Input ; Info     ; Stuck at GND                                                                                                                                ;
; d       ; Input ; Warning  ; Input port expression (1 bits) is smaller than the input port (32 bits) it drives.  Extra input bit(s) "d[31..1]" will be connected to GND. ;
+---------+-------+----------+---------------------------------------------------------------------------------------------------------------------------------------------+


+---------------------------------------------------+
; Port Connectivity Checks: "Multiplex2bit:MuxSrcB" ;
+----------+-------+----------+---------------------+
; Port     ; Type  ; Severity ; Details             ;
+----------+-------+----------+---------------------+
; b[31..3] ; Input ; Info     ; Stuck at GND        ;
; b[1..0]  ; Input ; Info     ; Stuck at GND        ;
; b[2]     ; Input ; Info     ; Stuck at VCC        ;
; d[1..0]  ; Input ; Info     ; Stuck at GND        ;
+----------+-------+----------+---------------------+


+-------------------------------+
; Analysis & Synthesis Messages ;
+-------------------------------+
Info: *******************************************************************
Info: Running Quartus II Analysis & Synthesis
    Info: Version 9.1 Build 350 03/24/2010 Service Pack 2 SJ Web Edition
    Info: Processing started: Wed May 02 15:34:07 2018
Info: Command: quartus_map --read_settings_files=on --write_settings_files=off ProjetoHardware -c UP
Info: Parallel compilation is enabled and will use 4 of the 4 processors detected
Info: Found 2 design units, including 1 entities, in source file banco_reg.vhd
    Info: Found design unit 1: Banco_reg-behavioral_arch
    Info: Found entity 1: Banco_reg
Info: Found 2 design units, including 1 entities, in source file instr_reg.vhd
    Info: Found design unit 1: Instr_Reg-behavioral_arch
    Info: Found entity 1: Instr_Reg
Info: Found 3 design units, including 1 entities, in source file memoria.vhd
    Info: Found design unit 1: ram_constants
    Info: Found design unit 2: Memoria-behavioral_arch
    Info: Found entity 1: Memoria
Info: Found 1 design units, including 1 entities, in source file multiplex.sv
    Info: Found entity 1: Multiplex
Info: Found 1 design units, including 1 entities, in source file multiplex2bit.sv
    Info: Found entity 1: Multiplex2bit
Info: Found 2 design units, including 1 entities, in source file regdesloc.vhd
    Info: Found design unit 1: RegDesloc-behavioral_arch
    Info: Found entity 1: RegDesloc
Info: Found 1 design units, including 1 entities, in source file unidadecontrole.sv
    Info: Found entity 1: UnidadeControle
Info: Found 2 design units, including 1 entities, in source file registrador.vhd
    Info: Found design unit 1: Registrador-behavioral_arch
    Info: Found entity 1: Registrador
Info: Found 2 design units, including 1 entities, in source file ula32.vhd
    Info: Found design unit 1: Ula32-behavioral
    Info: Found entity 1: Ula32
Info: Found 1 design units, including 1 entities, in source file up.sv
    Info: Found entity 1: Up
Info: Found 1 design units, including 1 entities, in source file multiplexmini.sv
    Info: Found entity 1: MultiplexMini
Info: Found 1 design units, including 1 entities, in source file signedextend.sv
    Info: Found entity 1: SignedExtend
Info: Found 1 design units, including 1 entities, in source file multiplex3op.sv
    Info: Found entity 1: Multiplex3op
Info: Found 1 design units, including 1 entities, in source file unsignedextend.sv
    Info: Found entity 1: UnsignedExtend
Warning (10236): Verilog HDL Implicit Net warning at Up.sv(191): created implicit net for "MemDataExt"
Info: Elaborating entity "Up" for the top level hierarchy
Warning (10235): Verilog HDL Always Construct warning at Up.sv(61): variable "PC" is read inside the Always Construct but isn't in the Always Construct's Event Control
Warning (10235): Verilog HDL Always Construct warning at Up.sv(63): variable "code20_16" is read inside the Always Construct but isn't in the Always Construct's Event Control
Warning (10235): Verilog HDL Always Construct warning at Up.sv(64): variable "code15_0" is read inside the Always Construct but isn't in the Always Construct's Event Control
Info: Elaborating entity "UnidadeControle" for hierarchy "UnidadeControle:UC"
Info: Elaborating entity "Registrador" for hierarchy "Registrador:RegPC"
Info: Elaborating entity "Memoria" for hierarchy "Memoria:Mem"
Info: Elaborating entity "LPM_RAM_DQ" for hierarchy "Memoria:Mem|LPM_RAM_DQ:MEM"
Info: Elaborated megafunction instantiation "Memoria:Mem|LPM_RAM_DQ:MEM"
Info: Instantiated megafunction "Memoria:Mem|LPM_RAM_DQ:MEM" with the following parameter:
    Info: Parameter "LPM_WIDTH" = "8"
    Info: Parameter "LPM_WIDTHAD" = "8"
    Info: Parameter "LPM_NUMWORDS" = "0"
    Info: Parameter "LPM_INDATA" = "REGISTERED"
    Info: Parameter "LPM_ADDRESS_CONTROL" = "REGISTERED"
    Info: Parameter "LPM_OUTDATA" = "REGISTERED"
    Info: Parameter "LPM_FILE" = "instrucoes.mif"
    Info: Parameter "LPM_TYPE" = "LPM_RAM_DQ"
    Info: Parameter "USE_EAB" = "ON"
    Info: Parameter "INTENDED_DEVICE_FAMILY" = "UNUSED"
    Info: Parameter "LPM_HINT" = "UNUSED"
Info: Elaborating entity "altram" for hierarchy "Memoria:Mem|LPM_RAM_DQ:MEM|altram:sram"
Warning: Assertion warning: altram does not support Cyclone II device family -- attempting best-case memory conversions, but power-up states and read during write behavior will be different for Cyclone II devices
Info: Elaborated megafunction instantiation "Memoria:Mem|LPM_RAM_DQ:MEM|altram:sram", which is child of megafunction instantiation "Memoria:Mem|LPM_RAM_DQ:MEM"
Info: Elaborating entity "altsyncram" for hierarchy "Memoria:Mem|LPM_RAM_DQ:MEM|altram:sram|altsyncram:ram_block"
Info: Elaborated megafunction instantiation "Memoria:Mem|LPM_RAM_DQ:MEM|altram:sram|altsyncram:ram_block", which is child of megafunction instantiation "Memoria:Mem|LPM_RAM_DQ:MEM"
Info: Found 1 design units, including 1 entities, in source file db/altsyncram_e1a1.tdf
    Info: Found entity 1: altsyncram_e1a1
Info: Elaborating entity "altsyncram_e1a1" for hierarchy "Memoria:Mem|LPM_RAM_DQ:MEM|altram:sram|altsyncram:ram_block|altsyncram_e1a1:auto_generated"
Info: Elaborating entity "Instr_Reg" for hierarchy "Instr_Reg:RegInstrucao"
Info: Elaborating entity "Banco_reg" for hierarchy "Banco_reg:BancoRegs"
Info: Elaborating entity "Multiplex" for hierarchy "Multiplex:MuxIorD"
Warning (10235): Verilog HDL Always Construct warning at Multiplex.sv(9): variable "a" is read inside the Always Construct but isn't in the Always Construct's Event Control
Warning (10235): Verilog HDL Always Construct warning at Multiplex.sv(12): variable "b" is read inside the Always Construct but isn't in the Always Construct's Event Control
Info: Elaborating entity "MultiplexMini" for hierarchy "MultiplexMini:RegDst"
Warning (10235): Verilog HDL Always Construct warning at MultiplexMini.sv(9): variable "a" is read inside the Always Construct but isn't in the Always Construct's Event Control
Warning (10235): Verilog HDL Always Construct warning at MultiplexMini.sv(12): variable "b" is read inside the Always Construct but isn't in the Always Construct's Event Control
Info: Elaborating entity "Multiplex2bit" for hierarchy "Multiplex2bit:MuxSrcB"
Warning (10235): Verilog HDL Always Construct warning at Multiplex2bit.sv(10): variable "a" is read inside the Always Construct but isn't in the Always Construct's Event Control
Warning (10235): Verilog HDL Always Construct warning at Multiplex2bit.sv(13): variable "b" is read inside the Always Construct but isn't in the Always Construct's Event Control
Warning (10235): Verilog HDL Always Construct warning at Multiplex2bit.sv(16): variable "c" is read inside the Always Construct but isn't in the Always Construct's Event Control
Warning (10235): Verilog HDL Always Construct warning at Multiplex2bit.sv(19): variable "d" is read inside the Always Construct but isn't in the Always Construct's Event Control
Info: Elaborating entity "Multiplex3op" for hierarchy "Multiplex3op:MuxMem2Reg"
Warning (10235): Verilog HDL Always Construct warning at Multiplex3op.sv(9): variable "a" is read inside the Always Construct but isn't in the Always Construct's Event Control
Warning (10235): Verilog HDL Always Construct warning at Multiplex3op.sv(12): variable "b" is read inside the Always Construct but isn't in the Always Construct's Event Control
Warning (10235): Verilog HDL Always Construct warning at Multiplex3op.sv(15): variable "c" is read inside the Always Construct but isn't in the Always Construct's Event Control
Warning (10235): Verilog HDL Always Construct warning at Multiplex3op.sv(17): variable "a" is read inside the Always Construct but isn't in the Always Construct's Event Control
Info: Elaborating entity "Ula32" for hierarchy "Ula32:ULA"
Info: Elaborating entity "SignedExtend" for hierarchy "SignedExtend:SinalExtensao"
Info: Elaborating entity "UnsignedExtend" for hierarchy "UnsignedExtend:ExtensaoMemInst"
Warning (10235): Verilog HDL Always Construct warning at UnsignedExtend.sv(8): variable "Overflow" is read inside the Always Construct but isn't in the Always Construct's Event Control
Warning: 2 hierarchies have connectivity warnings - see the Connectivity Checks report folder
Warning: Output pins are stuck at VCC or GND
    Warning (13410): Pin "extrapcnext[30]" is stuck at GND
    Warning (13410): Pin "extrapcnext[31]" is stuck at GND
    Warning (13410): Pin "DeslocInst[0]" is stuck at GND
    Warning (13410): Pin "DeslocInst[1]" is stuck at GND
    Warning (13410): Pin "DeslocSinal[0]" is stuck at GND
    Warning (13410): Pin "DeslocSinal[1]" is stuck at GND
Info: 8 registers lost all their fanouts during netlist optimizations. The first 8 are displayed below.
    Info: Register "UnidadeControle:UC|state.ADDU" lost all its fanouts during netlist optimizations.
    Info: Register "UnidadeControle:UC|state.STOPPC" lost all its fanouts during netlist optimizations.
    Info: Register "UnidadeControle:UC|state.JR" lost all its fanouts during netlist optimizations.
    Info: Register "UnidadeControle:UC|state~4" lost all its fanouts during netlist optimizations.
    Info: Register "UnidadeControle:UC|state~5" lost all its fanouts during netlist optimizations.
    Info: Register "UnidadeControle:UC|state~6" lost all its fanouts during netlist optimizations.
    Info: Register "UnidadeControle:UC|state~7" lost all its fanouts during netlist optimizations.
    Info: Register "UnidadeControle:UC|state~8" lost all its fanouts during netlist optimizations.
Info: Generated suppressed messages file C:/Users/phjc/Desktop/ProjetoHardware-2018.1/Arquivos-Projeto/UP.map.smsg
Info: Implemented 3390 device resources after synthesis - the final resource count might be different
    Info: Implemented 2 input pins
    Info: Implemented 333 output pins
    Info: Implemented 3023 logic cells
    Info: Implemented 32 RAM segments
Info: Quartus II Analysis & Synthesis was successful. 0 errors, 26 warnings
    Info: Peak virtual memory: 268 megabytes
    Info: Processing ended: Wed May 02 15:34:16 2018
    Info: Elapsed time: 00:00:09
    Info: Total CPU time (on all processors): 00:00:07


+------------------------------------------+
; Analysis & Synthesis Suppressed Messages ;
+------------------------------------------+
The suppressed messages can be found in C:/Users/phjc/Desktop/ProjetoHardware-2018.1/Arquivos-Projeto/UP.map.smsg.


