Classic Timing Analyzer report for UP
Sat Apr 14 18:01:35 2018
Quartus II Version 9.1 Build 350 03/24/2010 Service Pack 2 SJ Web Edition


---------------------
; Table of Contents ;
---------------------
  1. Legal Notice
  2. Timing Analyzer Summary
  3. Timing Analyzer Settings
  4. Clock Settings Summary
  5. Parallel Compilation
  6. Clock Setup: 'clock'
  7. tco
  8. Timing Analyzer Messages



----------------
; Legal Notice ;
----------------
Copyright (C) 1991-2010 Altera Corporation
Your use of Altera Corporation's design tools, logic functions 
and other software and tools, and its AMPP partner logic 
functions, and any output files from any of the foregoing 
(including device programming or simulation files), and any 
associated documentation or information are expressly subject 
to the terms and conditions of the Altera Program License 
Subscription Agreement, Altera MegaCore Function License 
Agreement, or other applicable license agreement, including, 
without limitation, that your use is for the sole purpose of 
programming logic devices manufactured by Altera and sold by 
Altera or its authorized distributors.  Please refer to the 
applicable agreement for further details.



+--------------------------------------------------------------------------------------------------------------------------------------------------------------------------+
; Timing Analyzer Summary                                                                                                                                                  ;
+------------------------------+-------+---------------+------------------------------------------------+-------------+-------------+------------+----------+--------------+
; Type                         ; Slack ; Required Time ; Actual Time                                    ; From        ; To          ; From Clock ; To Clock ; Failed Paths ;
+------------------------------+-------+---------------+------------------------------------------------+-------------+-------------+------------+----------+--------------+
; Worst-case tco               ; N/A   ; None          ; 6.269 ns                                       ; state.WRITE ; IREsc       ; clock      ; --       ; 0            ;
; Clock Setup: 'clock'         ; N/A   ; None          ; Restricted to 420.17 MHz ( period = 2.380 ns ) ; state.RESET ; state.BUSCA ; clock      ; clock    ; 0            ;
; Total number of failed paths ;       ;               ;                                                ;             ;             ;            ;          ; 0            ;
+------------------------------+-------+---------------+------------------------------------------------+-------------+-------------+------------+----------+--------------+


+-----------------------------------------------------------------------------------------------------------------------------------------------------+
; Timing Analyzer Settings                                                                                                                            ;
+------------------------------------------------------------------------------------------------------+--------------------+------+----+-------------+
; Option                                                                                               ; Setting            ; From ; To ; Entity Name ;
+------------------------------------------------------------------------------------------------------+--------------------+------+----+-------------+
; Device Name                                                                                          ; EP2C70F672C6       ;      ;    ;             ;
; Timing Models                                                                                        ; Final              ;      ;    ;             ;
; Default hold multicycle                                                                              ; Same as Multicycle ;      ;    ;             ;
; Cut paths between unrelated clock domains                                                            ; On                 ;      ;    ;             ;
; Cut off read during write signal paths                                                               ; On                 ;      ;    ;             ;
; Cut off feedback from I/O pins                                                                       ; On                 ;      ;    ;             ;
; Report Combined Fast/Slow Timing                                                                     ; Off                ;      ;    ;             ;
; Ignore Clock Settings                                                                                ; Off                ;      ;    ;             ;
; Analyze latches as synchronous elements                                                              ; On                 ;      ;    ;             ;
; Enable Recovery/Removal analysis                                                                     ; Off                ;      ;    ;             ;
; Enable Clock Latency                                                                                 ; Off                ;      ;    ;             ;
; Use TimeQuest Timing Analyzer                                                                        ; Off                ;      ;    ;             ;
; Minimum Core Junction Temperature                                                                    ; 0                  ;      ;    ;             ;
; Maximum Core Junction Temperature                                                                    ; 85                 ;      ;    ;             ;
; Number of source nodes to report per destination node                                                ; 10                 ;      ;    ;             ;
; Number of destination nodes to report                                                                ; 10                 ;      ;    ;             ;
; Number of paths to report                                                                            ; 200                ;      ;    ;             ;
; Report Minimum Timing Checks                                                                         ; Off                ;      ;    ;             ;
; Use Fast Timing Models                                                                               ; Off                ;      ;    ;             ;
; Report IO Paths Separately                                                                           ; Off                ;      ;    ;             ;
; Perform Multicorner Analysis                                                                         ; On                 ;      ;    ;             ;
; Reports the worst-case path for each clock domain and analysis                                       ; Off                ;      ;    ;             ;
; Reports worst-case timing paths for each clock domain and analysis                                   ; On                 ;      ;    ;             ;
; Specifies the maximum number of worst-case timing paths to report for each clock domain and analysis ; 100                ;      ;    ;             ;
; Removes common clock path pessimism (CCPP) during slack computation                                  ; Off                ;      ;    ;             ;
; Output I/O Timing Endpoint                                                                           ; Near End           ;      ;    ;             ;
+------------------------------------------------------------------------------------------------------+--------------------+------+----+-------------+


+------------------------------------------------------------------------------------------------------------------------------------------------------------------------------------+
; Clock Settings Summary                                                                                                                                                             ;
+-----------------+--------------------+----------+------------------+---------------+--------------+----------+-----------------------+---------------------+--------+--------------+
; Clock Node Name ; Clock Setting Name ; Type     ; Fmax Requirement ; Early Latency ; Late Latency ; Based on ; Multiply Base Fmax by ; Divide Base Fmax by ; Offset ; Phase offset ;
+-----------------+--------------------+----------+------------------+---------------+--------------+----------+-----------------------+---------------------+--------+--------------+
; clock           ;                    ; User Pin ; None             ; 0.000 ns      ; 0.000 ns     ; --       ; N/A                   ; N/A                 ; N/A    ;              ;
+-----------------+--------------------+----------+------------------+---------------+--------------+----------+-----------------------+---------------------+--------+--------------+


+------------------------------------------+
; Parallel Compilation                     ;
+----------------------------+-------------+
; Processors                 ; Number      ;
+----------------------------+-------------+
; Number detected on machine ; 4           ;
; Maximum allowed            ; 4           ;
;                            ;             ;
; Average used               ; 1.00        ;
; Maximum used               ; 1           ;
;                            ;             ;
; Usage by Processor         ; % Time Used ;
;     1 processor            ; 100.0%      ;
;     2-4 processors         ;   0.0%      ;
+----------------------------+-------------+


+------------------------------------------------------------------------------------------------------------------------------------------------------------------------------------------------+
; Clock Setup: 'clock'                                                                                                                                                                           ;
+-------+------------------------------------------------+-------------+-------------+------------+----------+-----------------------------+---------------------------+-------------------------+
; Slack ; Actual fmax (period)                           ; From        ; To          ; From Clock ; To Clock ; Required Setup Relationship ; Required Longest P2P Time ; Actual Longest P2P Time ;
+-------+------------------------------------------------+-------------+-------------+------------+----------+-----------------------------+---------------------------+-------------------------+
; N/A   ; Restricted to 420.17 MHz ( period = 2.380 ns ) ; state.RESET ; state.BUSCA ; clock      ; clock    ; None                        ; None                      ; 0.668 ns                ;
; N/A   ; Restricted to 420.17 MHz ( period = 2.380 ns ) ; state.BUSCA ; state.WAIT  ; clock      ; clock    ; None                        ; None                      ; 0.539 ns                ;
; N/A   ; Restricted to 420.17 MHz ( period = 2.380 ns ) ; state.WRITE ; state.BUSCA ; clock      ; clock    ; None                        ; None                      ; 0.539 ns                ;
; N/A   ; Restricted to 420.17 MHz ( period = 2.380 ns ) ; state.WAIT  ; state.WRITE ; clock      ; clock    ; None                        ; None                      ; 0.531 ns                ;
+-------+------------------------------------------------+-------------+-------------+------------+----------+-----------------------------+---------------------------+-------------------------+


+---------------------------------------------------------------------------+
; tco                                                                       ;
+-------+--------------+------------+-------------+------------+------------+
; Slack ; Required tco ; Actual tco ; From        ; To         ; From Clock ;
+-------+--------------+------------+-------------+------------+------------+
; N/A   ; None         ; 6.269 ns   ; state.WRITE ; IREsc      ; clock      ;
; N/A   ; None         ; 6.268 ns   ; state.BUSCA ; PCWri      ; clock      ;
; N/A   ; None         ; 6.249 ns   ; state.RESET ; ULASrcB[0] ; clock      ;
+-------+--------------+------------+-------------+------------+------------+


+--------------------------+
; Timing Analyzer Messages ;
+--------------------------+
Info: *******************************************************************
Info: Running Quartus II Classic Timing Analyzer
    Info: Version 9.1 Build 350 03/24/2010 Service Pack 2 SJ Web Edition
    Info: Processing started: Sat Apr 14 18:01:34 2018
Info: Command: quartus_tan --read_settings_files=off --write_settings_files=off ProjetoHardware -c UP --timing_analysis_only
Info: Parallel compilation is enabled and will use 4 of the 4 processors detected
Warning: Found pins functioning as undefined clocks and/or memory enables
    Info: Assuming node "clock" is an undefined clock
Info: Clock "clock" Internal fmax is restricted to 420.17 MHz between source register "state.RESET" and destination register "state.BUSCA"
    Info: fmax restricted to clock pin edge rate 2.38 ns. Expand message to see actual delay path.
        Info: + Longest register to register delay is 0.668 ns
            Info: 1: + IC(0.000 ns) + CELL(0.000 ns) = 0.000 ns; Loc. = LCFF_X1_Y7_N9; Fanout = 2; REG Node = 'state.RESET'
            Info: 2: + IC(0.313 ns) + CELL(0.271 ns) = 0.584 ns; Loc. = LCCOMB_X1_Y7_N12; Fanout = 1; COMB Node = 'nextState~0'
            Info: 3: + IC(0.000 ns) + CELL(0.084 ns) = 0.668 ns; Loc. = LCFF_X1_Y7_N13; Fanout = 2; REG Node = 'state.BUSCA'
            Info: Total cell delay = 0.355 ns ( 53.14 % )
            Info: Total interconnect delay = 0.313 ns ( 46.86 % )
        Info: - Smallest clock skew is 0.000 ns
            Info: + Shortest clock path from clock "clock" to destination register is 2.855 ns
                Info: 1: + IC(0.000 ns) + CELL(0.989 ns) = 0.989 ns; Loc. = PIN_P2; Fanout = 1; CLK Node = 'clock'
                Info: 2: + IC(0.114 ns) + CELL(0.000 ns) = 1.103 ns; Loc. = CLKCTRL_G3; Fanout = 4; COMB Node = 'clock~clkctrl'
                Info: 3: + IC(1.215 ns) + CELL(0.537 ns) = 2.855 ns; Loc. = LCFF_X1_Y7_N13; Fanout = 2; REG Node = 'state.BUSCA'
                Info: Total cell delay = 1.526 ns ( 53.45 % )
                Info: Total interconnect delay = 1.329 ns ( 46.55 % )
            Info: - Longest clock path from clock "clock" to source register is 2.855 ns
                Info: 1: + IC(0.000 ns) + CELL(0.989 ns) = 0.989 ns; Loc. = PIN_P2; Fanout = 1; CLK Node = 'clock'
                Info: 2: + IC(0.114 ns) + CELL(0.000 ns) = 1.103 ns; Loc. = CLKCTRL_G3; Fanout = 4; COMB Node = 'clock~clkctrl'
                Info: 3: + IC(1.215 ns) + CELL(0.537 ns) = 2.855 ns; Loc. = LCFF_X1_Y7_N9; Fanout = 2; REG Node = 'state.RESET'
                Info: Total cell delay = 1.526 ns ( 53.45 % )
                Info: Total interconnect delay = 1.329 ns ( 46.55 % )
        Info: + Micro clock to output delay of source is 0.250 ns
        Info: + Micro setup delay of destination is -0.036 ns
Info: tco from clock "clock" to destination pin "IREsc" through register "state.WRITE" is 6.269 ns
    Info: + Longest clock path from clock "clock" to source register is 2.855 ns
        Info: 1: + IC(0.000 ns) + CELL(0.989 ns) = 0.989 ns; Loc. = PIN_P2; Fanout = 1; CLK Node = 'clock'
        Info: 2: + IC(0.114 ns) + CELL(0.000 ns) = 1.103 ns; Loc. = CLKCTRL_G3; Fanout = 4; COMB Node = 'clock~clkctrl'
        Info: 3: + IC(1.215 ns) + CELL(0.537 ns) = 2.855 ns; Loc. = LCFF_X1_Y7_N27; Fanout = 2; REG Node = 'state.WRITE'
        Info: Total cell delay = 1.526 ns ( 53.45 % )
        Info: Total interconnect delay = 1.329 ns ( 46.55 % )
    Info: + Micro clock to output delay of source is 0.250 ns
    Info: + Longest register to pin delay is 3.164 ns
        Info: 1: + IC(0.000 ns) + CELL(0.000 ns) = 0.000 ns; Loc. = LCFF_X1_Y7_N27; Fanout = 2; REG Node = 'state.WRITE'
        Info: 2: + IC(0.522 ns) + CELL(2.642 ns) = 3.164 ns; Loc. = PIN_AB2; Fanout = 0; PIN Node = 'IREsc'
        Info: Total cell delay = 2.642 ns ( 83.50 % )
        Info: Total interconnect delay = 0.522 ns ( 16.50 % )
Info: Quartus II Classic Timing Analyzer was successful. 0 errors, 1 warning
    Info: Peak virtual memory: 182 megabytes
    Info: Processing ended: Sat Apr 14 18:01:35 2018
    Info: Elapsed time: 00:00:01
    Info: Total CPU time (on all processors): 00:00:00


